<?xml version="1.0" encoding="UTF-8"?>
<!-- Generated by org.testng.reporters.JUnitReportReporter -->
<testsuite skipped="0" hostname="WINDOWS-BED5AOG" name="com.mysite.tests.testNGTest" tests="1" failures="0" timestamp="03 Mar 2017 02:45:39 GMT" time="0.008" errors="0">
  <testcase name="testHomePage" time="0.008" classname="com.mysite.tests.testNGTest"/>
</testsuite> <!-- com.mysite.tests.testNGTest -->
