<?xml version="1.0" encoding="UTF-8"?>
<!-- Generated by org.testng.reporters.JUnitReportReporter -->
<testsuite skipped="0" hostname="WINDOWS-BED5AOG" name="com.mysite.tests.nowyTest" tests="3" failures="0" timestamp="03 Mar 2017 18:42:19 GMT" time="0.015" errors="0">
  <testcase name="firstfirstMethod" time="0.000" classname="com.mysite.tests.nowyTest"/>
  <testcase name="SecondMethod" time="0.000" classname="com.mysite.tests.nowyTest"/>
  <testcase name="SecondseconfMethod" time="0.015" classname="com.mysite.tests.nowyTest"/>
</testsuite> <!-- com.mysite.tests.nowyTest -->
