<?xml version="1.0" encoding="UTF-8"?>
<!-- Generated by org.testng.reporters.JUnitReportReporter -->
<testsuite skipped="0" hostname="WINDOWS-BED5AOG" name="eCommerceProject.TestCase001" tests="1" failures="0" timestamp="29 Mar 2017 16:22:52 GMT" time="12.335" errors="0">
  <testcase name="testCase001" time="12.335" classname="eCommerceProject.TestCase001"/>
</testsuite> <!-- eCommerceProject.TestCase001 -->
