<?xml version="1.0" encoding="UTF-8"?>
<!-- Generated by org.testng.reporters.JUnitReportReporter -->
<testsuite skipped="0" hostname="WINDOWS-BED5AOG" name="eCommerceProject.TestCAse03" tests="1" failures="0" timestamp="30 Mar 2017 01:30:07 GMT" time="20.141" errors="0">
  <testcase name="TestCase03" time="20.141" classname="eCommerceProject.TestCAse03"/>
</testsuite> <!-- eCommerceProject.TestCAse03 -->
