<?xml version="1.0" encoding="UTF-8"?>
<!-- Generated by org.testng.reporters.JUnitReportReporter -->
<testsuite skipped="0" hostname="WINDOWS-BED5AOG" name="eCommerceProject.TestCase02" tests="1" failures="0" timestamp="30 Mar 2017 01:31:06 GMT" time="11.723" errors="0">
  <testcase name="TestCase02" time="11.723" classname="eCommerceProject.TestCase02"/>
</testsuite> <!-- eCommerceProject.TestCase02 -->
