<?xml version="1.0" encoding="UTF-8"?>
<!-- Generated by org.testng.reporters.JUnitReportReporter -->
<testsuite skipped="0" hostname="WINDOWS-BED5AOG" name="NewTest" tests="1" failures="0" timestamp="19 Mar 2017 02:33:20 GMT" time="17.823" errors="0">
  <testcase name="f" time="17.823" classname="NewTest"/>
</testsuite> <!-- NewTest -->
