<?xml version="1.0" encoding="UTF-8"?>
<!-- Generated by org.testng.reporters.JUnitReportReporter -->
<testsuite skipped="0" hostname="WINDOWS-BED5AOG" name="NewTestShopPage" tests="1" failures="0" timestamp="18 Mar 2017 22:50:39 GMT" time="11.567" errors="0">
  <testcase name="f" time="11.567" classname="NewTestShopPage"/>
</testsuite> <!-- NewTestShopPage -->
